build/outputs/logs/manifest-merger-debug-report.txt
-- Merging decision tree log ---
manifest
ADDED from src\main\AndroidManifest.xml:2:1-31:12
INJECTED from src\main\AndroidManifest.xml:2:1-31:12
INJECTED from src\main\AndroidManifest.xml:2:1-31:12
INJECTED from src\main\AndroidManifest.xml:2:1-31:12
MERGED from [:android_component:] AndroidManifest.xml:2:1-11:12
MERGED from [:core-1.1.0:] AndroidManifest.xml:17:1-44:12
MERGED from [:unity_android_bridge:] AndroidManifest.xml:2:1-12:12
INJECTED from src\main\AndroidManifest.xml:2:1-31:12
INJECTED from src\main\AndroidManifest.xml:2:1-31:12
INJECTED from src\main\AndroidManifest.xml:2:1-31:12
	package
		ADDED from src\main\AndroidManifest.xml:2:70-104
		INJECTED from src\main\AndroidManifest.xml
		INJECTED from src\main\AndroidManifest.xml
	android:versionName
		INJECTED from src\main\AndroidManifest.xml
		ADDED from src\main\AndroidManifest.xml:2:1-31:12
		INJECTED from src\main\AndroidManifest.xml
	android:versionCode
		INJECTED from src\main\AndroidManifest.xml
		ADDED from src\main\AndroidManifest.xml:2:1-31:12
		INJECTED from src\main\AndroidManifest.xml
	xmlns:android
		ADDED from src\main\AndroidManifest.xml:2:11-69
	android:installLocation
		ADDED from src\main\AndroidManifest.xml:2:105-145
uses-sdk
ADDED from src\main\AndroidManifest.xml:3:3-72
INJECTED from src\main\AndroidManifest.xml:3:3-72
INJECTED from src\main\AndroidManifest.xml:3:3-72
MERGED from [:android_component:] AndroidManifest.xml:7:5-9:41
MERGED from [:android_component:] AndroidManifest.xml:7:5-9:41
MERGED from [:core-1.1.0:] AndroidManifest.xml:25:5-44
MERGED from [:core-1.1.0:] AndroidManifest.xml:25:5-44
MERGED from [:core-1.1.0:] AndroidManifest.xml:26:5-47
MERGED from [:core-1.1.0:] AndroidManifest.xml:26:5-47
MERGED from [:unity_android_bridge:] AndroidManifest.xml:8:5-10:41
MERGED from [:unity_android_bridge:] AndroidManifest.xml:8:5-10:41
INJECTED from src\main\AndroidManifest.xml:3:3-72
INJECTED from src\main\AndroidManifest.xml:3:3-72
	android:targetSdkVersion
		ADDED from src\main\AndroidManifest.xml:3:40-69
		INJECTED from src\main\AndroidManifest.xml
		INJECTED from src\main\AndroidManifest.xml
	android:minSdkVersion
		ADDED from src\main\AndroidManifest.xml:3:13-39
		INJECTED from src\main\AndroidManifest.xml
		MERGED from src\main\AndroidManifest.xml:3:13-39
		INJECTED from src\main\AndroidManifest.xml
uses-permission#android.permission.CAMERA
ADDED from src\main\AndroidManifest.xml:4:3-63
	android:name
		ADDED from src\main\AndroidManifest.xml:4:20-60
uses-permission#android.permission.WRITE_EXTERNAL_STORAGE
ADDED from src\main\AndroidManifest.xml:5:3-79
	android:name
		ADDED from src\main\AndroidManifest.xml:5:20-76
uses-permission#android.permission.INTERNET
ADDED from src\main\AndroidManifest.xml:6:3-65
	android:name
		ADDED from src\main\AndroidManifest.xml:6:20-62
uses-feature#0x00020000
ADDED from src\main\AndroidManifest.xml:8:3-76
	android:glEsVersion
		ADDED from src\main\AndroidManifest.xml:8:17-49
	android:required
		ADDED from src\main\AndroidManifest.xml:8:50-73
uses-feature#android.hardware.camera
ADDED from src\main\AndroidManifest.xml:10:3-82
	android:required
		ADDED from src\main\AndroidManifest.xml:10:56-79
	android:name
		ADDED from src\main\AndroidManifest.xml:10:17-55
supports-screens
ADDED from src\main\AndroidManifest.xml:12:3-164
	android:largeScreens
		ADDED from src\main\AndroidManifest.xml:12:47-74
	android:smallScreens
		ADDED from src\main\AndroidManifest.xml:12:104-132
	android:normalScreens
		ADDED from src\main\AndroidManifest.xml:12:75-103
	android:xlargeScreens
		ADDED from src\main\AndroidManifest.xml:12:133-161
	android:anyDensity
		ADDED from src\main\AndroidManifest.xml:12:21-46
application
ADDED from src\main\AndroidManifest.xml:13:3-25:17
MERGED from [:core-1.1.0:] AndroidManifest.xml:28:5-42:19
MERGED from [:core-1.1.0:] AndroidManifest.xml:28:5-42:19
	android:label
		ADDED from src\main\AndroidManifest.xml:13:16-48
	android:icon
		ADDED from src\main\AndroidManifest.xml:13:109-140
	android:banner
		ADDED from src\main\AndroidManifest.xml:13:71-108
	android:isGame
		ADDED from src\main\AndroidManifest.xml:13:49-70
activity#com.Ashwani.WikitudeSLAM.UnityPlayerActivity
ADDED from src\main\AndroidManifest.xml:14:5-20:16
	android:screenOrientation
		ADDED from src\main\AndroidManifest.xml:14:15-53
	android:launchMode
		ADDED from src\main\AndroidManifest.xml:14:54-85
	android:hardwareAccelerated
		ADDED from src\main\AndroidManifest.xml:14:268-303
	android:configChanges
		ADDED from src\main\AndroidManifest.xml:14:86-267
	android:name
		ADDED from src\main\AndroidManifest.xml:14:304-363
intent-filter#android.intent.action.MAIN+android.intent.category.LAUNCHER+android.intent.category.LEANBACK_LAUNCHER
ADDED from src\main\AndroidManifest.xml:15:7-19:23
action#android.intent.action.MAIN
ADDED from src\main\AndroidManifest.xml:16:9-61
	android:name
		ADDED from src\main\AndroidManifest.xml:16:17-58
category#android.intent.category.LAUNCHER
ADDED from src\main\AndroidManifest.xml:17:9-69
	android:name
		ADDED from src\main\AndroidManifest.xml:17:19-66
category#android.intent.category.LEANBACK_LAUNCHER
ADDED from src\main\AndroidManifest.xml:18:9-78
	android:name
		ADDED from src\main\AndroidManifest.xml:18:19-75
meta-data#com.google.ar.core
ADDED from src\main\AndroidManifest.xml:21:5-77
	android:value
		ADDED from src\main\AndroidManifest.xml:21:50-74
	android:name
		ADDED from src\main\AndroidManifest.xml:21:16-49
meta-data#unity.build-id
ADDED from src\main\AndroidManifest.xml:22:5-101
	android:value
		ADDED from src\main\AndroidManifest.xml:22:46-98
	android:name
		ADDED from src\main\AndroidManifest.xml:22:16-45
meta-data#unity.splash-mode
ADDED from src\main\AndroidManifest.xml:23:5-69
	android:value
		ADDED from src\main\AndroidManifest.xml:23:49-66
	android:name
		ADDED from src\main\AndroidManifest.xml:23:16-48
meta-data#unity.splash-enable
ADDED from src\main\AndroidManifest.xml:24:5-74
	android:value
		ADDED from src\main\AndroidManifest.xml:24:51-71
	android:name
		ADDED from src\main\AndroidManifest.xml:24:16-50
uses-feature#android.hardware.camera.autofocus
ADDED from src\main\AndroidManifest.xml:26:3-93
	android:required
		ADDED from src\main\AndroidManifest.xml:26:66-90
	android:name
		ADDED from src\main\AndroidManifest.xml:26:17-65
uses-feature#android.hardware.camera.front
ADDED from src\main\AndroidManifest.xml:27:3-89
	android:required
		ADDED from src\main\AndroidManifest.xml:27:62-86
	android:name
		ADDED from src\main\AndroidManifest.xml:27:17-61
uses-feature#android.hardware.touchscreen
ADDED from src\main\AndroidManifest.xml:28:3-88
	android:required
		ADDED from src\main\AndroidManifest.xml:28:61-85
	android:name
		ADDED from src\main\AndroidManifest.xml:28:17-60
uses-feature#android.hardware.touchscreen.multitouch
ADDED from src\main\AndroidManifest.xml:29:3-99
	android:required
		ADDED from src\main\AndroidManifest.xml:29:72-96
	android:name
		ADDED from src\main\AndroidManifest.xml:29:17-71
uses-feature#android.hardware.touchscreen.multitouch.distinct
ADDED from src\main\AndroidManifest.xml:30:3-108
	android:required
		ADDED from src\main\AndroidManifest.xml:30:81-105
	android:name
		ADDED from src\main\AndroidManifest.xml:30:17-80
activity#com.google.ar.core.InstallActivity
ADDED from [:core-1.1.0:] AndroidManifest.xml:31:9-37:80
	android:excludeFromRecents
		ADDED from [:core-1.1.0:] AndroidManifest.xml:34:13-46
	android:launchMode
		ADDED from [:core-1.1.0:] AndroidManifest.xml:36:13-43
	android:exported
		ADDED from [:core-1.1.0:] AndroidManifest.xml:35:13-37
	android:configChanges
		ADDED from [:core-1.1.0:] AndroidManifest.xml:33:13-74
	android:theme
		ADDED from [:core-1.1.0:] AndroidManifest.xml:37:13-77
	android:name
		ADDED from [:core-1.1.0:] AndroidManifest.xml:32:13-62
meta-data#com.google.ar.core.min_apk_version
ADDED from [:core-1.1.0:] AndroidManifest.xml:39:9-41:41
	android:value
		ADDED from [:core-1.1.0:] AndroidManifest.xml:41:13-38
	android:name
		ADDED from [:core-1.1.0:] AndroidManifest.xml:40:13-62